2021-11-01 13:34:31.484  INFO 5076 --- [main] com.example.demo.SareetaApplication      : Starting SareetaApplication on DESKTOP-AQ6UR5V with PID 5076 (D:\SpringCourse\Lesson4\eCommerceApp\starter_code\target\classes started by Aamer in D:\SpringCourse\Lesson4\eCommerceApp)
2021-11-01 13:34:31.492  INFO 5076 --- [main] com.example.demo.SareetaApplication      : No active profile set, falling back to default profiles: default
2021-11-01 13:34:33.692  INFO 5076 --- [main] .s.d.r.c.RepositoryConfigurationDelegate : Bootstrapping Spring Data repositories in DEFAULT mode.
2021-11-01 13:34:33.890  INFO 5076 --- [main] .s.d.r.c.RepositoryConfigurationDelegate : Finished Spring Data repository scanning in 168ms. Found 4 repository interfaces.
2021-11-01 13:34:35.186  INFO 5076 --- [main] trationDelegate$BeanPostProcessorChecker : Bean 'org.springframework.transaction.annotation.ProxyTransactionManagementConfiguration' of type [org.springframework.transaction.annotation.ProxyTransactionManagementConfiguration$$EnhancerBySpringCGLIB$$aec5eb7d] is not eligible for getting processed by all BeanPostProcessors (for example: not eligible for auto-proxying)
2021-11-01 13:34:36.312  INFO 5076 --- [main] o.s.b.w.embedded.tomcat.TomcatWebServer  : Tomcat initialized with port(s): 8082 (http)
2021-11-01 13:34:36.402  INFO 5076 --- [main] o.apache.catalina.core.StandardService   : Starting service [Tomcat]
2021-11-01 13:34:36.403  INFO 5076 --- [main] org.apache.catalina.core.StandardEngine  : Starting Servlet engine: [Apache Tomcat/9.0.19]
2021-11-01 13:34:36.717  INFO 5076 --- [main] o.a.c.c.C.[Tomcat].[localhost].[/]       : Initializing Spring embedded WebApplicationContext
2021-11-01 13:34:36.717  INFO 5076 --- [main] o.s.web.context.ContextLoader            : Root WebApplicationContext: initialization completed in 5069 ms
2021-11-01 13:34:37.112  INFO 5076 --- [main] com.zaxxer.hikari.HikariDataSource       : HikariPool-1 - Starting...
2021-11-01 13:34:37.458  INFO 5076 --- [main] com.zaxxer.hikari.HikariDataSource       : HikariPool-1 - Start completed.
2021-11-01 13:34:37.585  INFO 5076 --- [main] o.hibernate.jpa.internal.util.LogHelper  : HHH000204: Processing PersistenceUnitInfo [
	name: default
	...]
2021-11-01 13:34:37.896  INFO 5076 --- [main] org.hibernate.Version                    : HHH000412: Hibernate Core {5.3.10.Final}
2021-11-01 13:34:37.922  INFO 5076 --- [main] org.hibernate.cfg.Environment            : HHH000206: hibernate.properties not found
2021-11-01 13:34:38.537  INFO 5076 --- [main] o.hibernate.annotations.common.Version   : HCANN000001: Hibernate Commons Annotations {5.0.4.Final}
2021-11-01 13:34:38.851  INFO 5076 --- [main] org.hibernate.dialect.Dialect            : HHH000400: Using dialect: org.hibernate.dialect.H2Dialect
2021-11-01 13:34:40.467  INFO 5076 --- [main] j.LocalContainerEntityManagerFactoryBean : Initialized JPA EntityManagerFactory for persistence unit 'default'
2021-11-01 13:34:41.875  WARN 5076 --- [main] aWebConfiguration$JpaWebMvcConfiguration : spring.jpa.open-in-view is enabled by default. Therefore, database queries may be performed during view rendering. Explicitly configure spring.jpa.open-in-view to disable this warning
2021-11-01 13:34:42.023  INFO 5076 --- [main] o.s.s.web.DefaultSecurityFilterChain     : Creating filter chain: any request, [org.springframework.security.web.context.request.async.WebAsyncManagerIntegrationFilter@280099a0, org.springframework.security.web.context.SecurityContextPersistenceFilter@5af4328e, org.springframework.security.web.header.HeaderWriterFilter@2555a986, org.springframework.web.filter.CorsFilter@7aca299e, org.springframework.security.web.authentication.logout.LogoutFilter@2b540131, com.example.demo.security.JWTAuthenticationFilter@1bf52f10, com.example.demo.security.JWTAuthenticationVerficationFilter@6148827c, org.springframework.security.web.savedrequest.RequestCacheAwareFilter@71eaef6a, org.springframework.security.web.servletapi.SecurityContextHolderAwareRequestFilter@476a970c, org.springframework.security.web.authentication.AnonymousAuthenticationFilter@4da9da6c, org.springframework.security.web.session.SessionManagementFilter@2ae7c1d, org.springframework.security.web.access.ExceptionTranslationFilter@178c6261, org.springframework.security.web.access.intercept.FilterSecurityInterceptor@60b4c754]
2021-11-01 13:34:42.302  INFO 5076 --- [main] o.s.s.concurrent.ThreadPoolTaskExecutor  : Initializing ExecutorService 'applicationTaskExecutor'
2021-11-01 13:34:42.958  INFO 5076 --- [main] o.s.b.w.embedded.tomcat.TomcatWebServer  : Tomcat started on port(s): 8082 (http) with context path ''
2021-11-01 13:34:42.963  INFO 5076 --- [main] com.example.demo.SareetaApplication      : Started SareetaApplication in 12.469 seconds (JVM running for 13.697)
2021-11-01 13:41:15.095  INFO 5076 --- [http-nio-8082-exec-1] o.a.c.c.C.[Tomcat].[localhost].[/]       : Initializing Spring DispatcherServlet 'dispatcherServlet'
2021-11-01 13:41:15.096  INFO 5076 --- [http-nio-8082-exec-1] o.s.web.servlet.DispatcherServlet        : Initializing Servlet 'dispatcherServlet'
2021-11-01 13:41:15.121  INFO 5076 --- [http-nio-8082-exec-1] o.s.web.servlet.DispatcherServlet        : Completed initialization in 24 ms
2021-11-01 13:41:15.739  INFO 5076 --- [http-nio-8082-exec-1] UserController                           : User name set with test
2021-11-01 13:41:58.489  INFO 5076 --- [http-nio-8082-exec-5] o.h.h.i.QueryTranslatorFactoryInitiator  : HHH000397: Using ASTQueryTranslatorFactory
2021-11-01 13:42:30.033 ERROR 5076 --- [http-nio-8082-exec-8] o.a.c.c.C.[.[.[/].[dispatcherServlet]    : Servlet.service() for servlet [dispatcherServlet] in context with path [] threw exception

com.auth0.jwt.exceptions.JWTDecodeException: The token was expected to have 3 parts, but got 1.
	at com.auth0.jwt.TokenUtils.splitToken(TokenUtils.java:21) ~[java-jwt-3.10.3.jar:3.10.3]
	at com.auth0.jwt.JWTDecoder.<init>(JWTDecoder.java:34) ~[java-jwt-3.10.3.jar:3.10.3]
	at com.auth0.jwt.JWTVerifier.verify(JWTVerifier.java:260) ~[java-jwt-3.10.3.jar:3.10.3]
	at com.example.demo.security.JWTAuthenticationVerficationFilter.getAuthentication(JWTAuthenticationVerficationFilter.java:48) ~[classes/:na]
	at com.example.demo.security.JWTAuthenticationVerficationFilter.doFilterInternal(JWTAuthenticationVerficationFilter.java:38) ~[classes/:na]
	at org.springframework.web.filter.OncePerRequestFilter.doFilter(OncePerRequestFilter.java:107) ~[spring-web-5.1.7.RELEASE.jar:5.1.7.RELEASE]
	at org.springframework.security.web.FilterChainProxy$VirtualFilterChain.doFilter(FilterChainProxy.java:334) ~[spring-security-web-5.1.5.RELEASE.jar:5.1.5.RELEASE]
	at org.springframework.security.web.authentication.AbstractAuthenticationProcessingFilter.doFilter(AbstractAuthenticationProcessingFilter.java:200) ~[spring-security-web-5.1.5.RELEASE.jar:5.1.5.RELEASE]
	at org.springframework.security.web.FilterChainProxy$VirtualFilterChain.doFilter(FilterChainProxy.java:334) ~[spring-security-web-5.1.5.RELEASE.jar:5.1.5.RELEASE]
	at org.springframework.security.web.authentication.logout.LogoutFilter.doFilter(LogoutFilter.java:116) ~[spring-security-web-5.1.5.RELEASE.jar:5.1.5.RELEASE]
	at org.springframework.security.web.FilterChainProxy$VirtualFilterChain.doFilter(FilterChainProxy.java:334) ~[spring-security-web-5.1.5.RELEASE.jar:5.1.5.RELEASE]
	at org.springframework.web.filter.CorsFilter.doFilterInternal(CorsFilter.java:96) ~[spring-web-5.1.7.RELEASE.jar:5.1.7.RELEASE]
	at org.springframework.web.filter.OncePerRequestFilter.doFilter(OncePerRequestFilter.java:107) ~[spring-web-5.1.7.RELEASE.jar:5.1.7.RELEASE]
	at org.springframework.security.web.FilterChainProxy$VirtualFilterChain.doFilter(FilterChainProxy.java:334) ~[spring-security-web-5.1.5.RELEASE.jar:5.1.5.RELEASE]
	at org.springframework.security.web.header.HeaderWriterFilter.doFilterInternal(HeaderWriterFilter.java:74) ~[spring-security-web-5.1.5.RELEASE.jar:5.1.5.RELEASE]
	at org.springframework.web.filter.OncePerRequestFilter.doFilter(OncePerRequestFilter.java:107) ~[spring-web-5.1.7.RELEASE.jar:5.1.7.RELEASE]
	at org.springframework.security.web.FilterChainProxy$VirtualFilterChain.doFilter(FilterChainProxy.java:334) ~[spring-security-web-5.1.5.RELEASE.jar:5.1.5.RELEASE]
	at org.springframework.security.web.context.SecurityContextPersistenceFilter.doFilter(SecurityContextPersistenceFilter.java:105) ~[spring-security-web-5.1.5.RELEASE.jar:5.1.5.RELEASE]
	at org.springframework.security.web.FilterChainProxy$VirtualFilterChain.doFilter(FilterChainProxy.java:334) ~[spring-security-web-5.1.5.RELEASE.jar:5.1.5.RELEASE]
	at org.springframework.security.web.context.request.async.WebAsyncManagerIntegrationFilter.doFilterInternal(WebAsyncManagerIntegrationFilter.java:56) ~[spring-security-web-5.1.5.RELEASE.jar:5.1.5.RELEASE]
	at org.springframework.web.filter.OncePerRequestFilter.doFilter(OncePerRequestFilter.java:107) ~[spring-web-5.1.7.RELEASE.jar:5.1.7.RELEASE]
	at org.springframework.security.web.FilterChainProxy$VirtualFilterChain.doFilter(FilterChainProxy.java:334) ~[spring-security-web-5.1.5.RELEASE.jar:5.1.5.RELEASE]
	at org.springframework.security.web.FilterChainProxy.doFilterInternal(FilterChainProxy.java:215) ~[spring-security-web-5.1.5.RELEASE.jar:5.1.5.RELEASE]
	at org.springframework.security.web.FilterChainProxy.doFilter(FilterChainProxy.java:178) ~[spring-security-web-5.1.5.RELEASE.jar:5.1.5.RELEASE]
	at org.springframework.web.filter.DelegatingFilterProxy.invokeDelegate(DelegatingFilterProxy.java:357) ~[spring-web-5.1.7.RELEASE.jar:5.1.7.RELEASE]
	at org.springframework.web.filter.DelegatingFilterProxy.doFilter(DelegatingFilterProxy.java:270) ~[spring-web-5.1.7.RELEASE.jar:5.1.7.RELEASE]
	at org.apache.catalina.core.ApplicationFilterChain.internalDoFilter(ApplicationFilterChain.java:193) ~[tomcat-embed-core-9.0.19.jar:9.0.19]
	at org.apache.catalina.core.ApplicationFilterChain.doFilter(ApplicationFilterChain.java:166) ~[tomcat-embed-core-9.0.19.jar:9.0.19]
	at org.springframework.web.filter.RequestContextFilter.doFilterInternal(RequestContextFilter.java:99) ~[spring-web-5.1.7.RELEASE.jar:5.1.7.RELEASE]
	at org.springframework.web.filter.OncePerRequestFilter.doFilter(OncePerRequestFilter.java:107) ~[spring-web-5.1.7.RELEASE.jar:5.1.7.RELEASE]
	at org.apache.catalina.core.ApplicationFilterChain.internalDoFilter(ApplicationFilterChain.java:193) ~[tomcat-embed-core-9.0.19.jar:9.0.19]
	at org.apache.catalina.core.ApplicationFilterChain.doFilter(ApplicationFilterChain.java:166) ~[tomcat-embed-core-9.0.19.jar:9.0.19]
	at org.springframework.web.filter.FormContentFilter.doFilterInternal(FormContentFilter.java:92) ~[spring-web-5.1.7.RELEASE.jar:5.1.7.RELEASE]
	at org.springframework.web.filter.OncePerRequestFilter.doFilter(OncePerRequestFilter.java:107) ~[spring-web-5.1.7.RELEASE.jar:5.1.7.RELEASE]
	at org.apache.catalina.core.ApplicationFilterChain.internalDoFilter(ApplicationFilterChain.java:193) ~[tomcat-embed-core-9.0.19.jar:9.0.19]
	at org.apache.catalina.core.ApplicationFilterChain.doFilter(ApplicationFilterChain.java:166) ~[tomcat-embed-core-9.0.19.jar:9.0.19]
	at org.springframework.web.filter.HiddenHttpMethodFilter.doFilterInternal(HiddenHttpMethodFilter.java:93) ~[spring-web-5.1.7.RELEASE.jar:5.1.7.RELEASE]
	at org.springframework.web.filter.OncePerRequestFilter.doFilter(OncePerRequestFilter.java:107) ~[spring-web-5.1.7.RELEASE.jar:5.1.7.RELEASE]
	at org.apache.catalina.core.ApplicationFilterChain.internalDoFilter(ApplicationFilterChain.java:193) ~[tomcat-embed-core-9.0.19.jar:9.0.19]
	at org.apache.catalina.core.ApplicationFilterChain.doFilter(ApplicationFilterChain.java:166) ~[tomcat-embed-core-9.0.19.jar:9.0.19]
	at org.springframework.web.filter.CharacterEncodingFilter.doFilterInternal(CharacterEncodingFilter.java:200) ~[spring-web-5.1.7.RELEASE.jar:5.1.7.RELEASE]
	at org.springframework.web.filter.OncePerRequestFilter.doFilter(OncePerRequestFilter.java:107) ~[spring-web-5.1.7.RELEASE.jar:5.1.7.RELEASE]
	at org.apache.catalina.core.ApplicationFilterChain.internalDoFilter(ApplicationFilterChain.java:193) ~[tomcat-embed-core-9.0.19.jar:9.0.19]
	at org.apache.catalina.core.ApplicationFilterChain.doFilter(ApplicationFilterChain.java:166) ~[tomcat-embed-core-9.0.19.jar:9.0.19]
	at org.apache.catalina.core.StandardWrapperValve.invoke(StandardWrapperValve.java:200) ~[tomcat-embed-core-9.0.19.jar:9.0.19]
	at org.apache.catalina.core.StandardContextValve.invoke(StandardContextValve.java:96) ~[tomcat-embed-core-9.0.19.jar:9.0.19]
	at org.apache.catalina.authenticator.AuthenticatorBase.invoke(AuthenticatorBase.java:490) ~[tomcat-embed-core-9.0.19.jar:9.0.19]
	at org.apache.catalina.core.StandardHostValve.invoke(StandardHostValve.java:139) ~[tomcat-embed-core-9.0.19.jar:9.0.19]
	at org.apache.catalina.valves.ErrorReportValve.invoke(ErrorReportValve.java:92) ~[tomcat-embed-core-9.0.19.jar:9.0.19]
	at org.apache.catalina.core.StandardEngineValve.invoke(StandardEngineValve.java:74) ~[tomcat-embed-core-9.0.19.jar:9.0.19]
	at org.apache.catalina.connector.CoyoteAdapter.service(CoyoteAdapter.java:343) ~[tomcat-embed-core-9.0.19.jar:9.0.19]
	at org.apache.coyote.http11.Http11Processor.service(Http11Processor.java:408) ~[tomcat-embed-core-9.0.19.jar:9.0.19]
	at org.apache.coyote.AbstractProcessorLight.process(AbstractProcessorLight.java:66) ~[tomcat-embed-core-9.0.19.jar:9.0.19]
	at org.apache.coyote.AbstractProtocol$ConnectionHandler.process(AbstractProtocol.java:836) ~[tomcat-embed-core-9.0.19.jar:9.0.19]
	at org.apache.tomcat.util.net.NioEndpoint$SocketProcessor.doRun(NioEndpoint.java:1747) ~[tomcat-embed-core-9.0.19.jar:9.0.19]
	at org.apache.tomcat.util.net.SocketProcessorBase.run(SocketProcessorBase.java:49) ~[tomcat-embed-core-9.0.19.jar:9.0.19]
	at java.base/java.util.concurrent.ThreadPoolExecutor.runWorker(ThreadPoolExecutor.java:1130) ~[na:na]
	at java.base/java.util.concurrent.ThreadPoolExecutor$Worker.run(ThreadPoolExecutor.java:630) ~[na:na]
	at org.apache.tomcat.util.threads.TaskThread$WrappingRunnable.run(TaskThread.java:61) ~[tomcat-embed-core-9.0.19.jar:9.0.19]
	at java.base/java.lang.Thread.run(Thread.java:831) ~[na:na]

2021-11-01 13:43:50.267  INFO 5076 --- [http-nio-8082-exec-3] UserController                           : Found User with username: test
2021-11-01 13:45:01.257 ERROR 5076 --- [http-nio-8082-exec-10] CartController                           : User does not exist
2021-11-01 13:45:26.369  INFO 5076 --- [http-nio-8082-exec-4] CartController                           : Item added in cart successfully!
2021-11-01 13:45:44.079  WARN 5076 --- [http-nio-8082-exec-1] .w.s.m.s.DefaultHandlerExceptionResolver : Resolved [org.springframework.http.converter.HttpMessageNotReadableException: Required request body is missing: public org.springframework.http.ResponseEntity<com.example.demo.model.persistence.Cart> com.example.demo.controllers.CartController.addTocart(com.example.demo.model.requests.ModifyCartRequest)]
2021-11-01 13:48:17.974  INFO 5076 --- [http-nio-8082-exec-2] OrderController                          : User with Id: 1 was found!
2021-11-01 13:48:17.997  INFO 5076 --- [http-nio-8082-exec-2] OrderController                          : Order submitted successfully!
2021-11-01 13:48:33.599  INFO 5076 --- [http-nio-8082-exec-3] OrderController                          : User with Id: 1 was found!
2021-11-01 13:48:33.609  INFO 5076 --- [http-nio-8082-exec-3] OrderController                          : Order submitted successfully!
2021-11-01 14:25:49.550  INFO 5076 --- [Thread-3] o.s.s.concurrent.ThreadPoolTaskExecutor  : Shutting down ExecutorService 'applicationTaskExecutor'
2021-11-01 14:25:49.560  INFO 5076 --- [Thread-3] j.LocalContainerEntityManagerFactoryBean : Closing JPA EntityManagerFactory for persistence unit 'default'
2021-11-01 14:25:49.602  INFO 5076 --- [Thread-3] com.zaxxer.hikari.HikariDataSource       : HikariPool-1 - Shutdown initiated...
2021-11-01 14:25:49.619  INFO 5076 --- [Thread-3] com.zaxxer.hikari.HikariDataSource       : HikariPool-1 - Shutdown completed.
